{"C:\\Users\\Utente\\Desktop\\Proyectos Personales\\Pizzeria\\Backend\\src\\configs\\configs.js": {"path":"C:\\Users\\Utente\\Desktop\\Proyectos Personales\\Pizzeria\\Backend\\src\\configs\\configs.js","statementMap":{"0":{"start":{"line":3,"column":0},"end":{"line":3,"column":16}},"1":{"start":{"line":5,"column":16},"end":{"line":13,"column":1}}},"fnMap":{},"branchMap":{},"s":{"0":1,"1":1},"f":{},"b":{},"_coverageSchema":"1a1c01bbd47fc00a2c39e90264f33305004495a9","hash":"982289a7c681744c57ca75c35616206f1d9d8e6e"}
,"C:\\Users\\Utente\\Desktop\\Proyectos Personales\\Pizzeria\\Backend\\src\\configs\\enums.js": {"path":"C:\\Users\\Utente\\Desktop\\Proyectos Personales\\Pizzeria\\Backend\\src\\configs\\enums.js","statementMap":{"0":{"start":{"line":1,"column":31},"end":{"line":4,"column":1}},"1":{"start":{"line":6,"column":24},"end":{"line":10,"column":1}},"2":{"start":{"line":21,"column":21},"end":{"line":25,"column":1}},"3":{"start":{"line":27,"column":22},"end":{"line":32,"column":1}},"4":{"start":{"line":34,"column":18},"end":{"line":38,"column":1}},"5":{"start":{"line":40,"column":25},"end":{"line":45,"column":1}}},"fnMap":{},"branchMap":{},"s":{"0":1,"1":1,"2":1,"3":1,"4":1,"5":1},"f":{},"b":{},"_coverageSchema":"1a1c01bbd47fc00a2c39e90264f33305004495a9","hash":"62e7b7839fae2c2be518b02fcbf45db3c6d6948c"}
,"C:\\Users\\Utente\\Desktop\\Proyectos Personales\\Pizzeria\\Backend\\src\\ms.authentication\\logger.js": {"path":"C:\\Users\\Utente\\Desktop\\Proyectos Personales\\Pizzeria\\Backend\\src\\ms.authentication\\logger.js","statementMap":{"0":{"start":{"line":4,"column":27},"end":{"line":17,"column":1}},"1":{"start":{"line":19,"column":24},"end":{"line":28,"column":2}},"2":{"start":{"line":30,"column":19},"end":{"line":45,"column":2}}},"fnMap":{},"branchMap":{},"s":{"0":1,"1":1,"2":1},"f":{},"b":{},"_coverageSchema":"1a1c01bbd47fc00a2c39e90264f33305004495a9","hash":"3be9769a375e8c6715d866a59ab4b86892b5791c"}
,"C:\\Users\\Utente\\Desktop\\Proyectos Personales\\Pizzeria\\Backend\\src\\ms.authentication\\controller\\ms.authentication.controller.js": {"path":"C:\\Users\\Utente\\Desktop\\Proyectos Personales\\Pizzeria\\Backend\\src\\ms.authentication\\controller\\ms.authentication.controller.js","statementMap":{"0":{"start":{"line":5,"column":17},"end":{"line":23,"column":1}},"1":{"start":{"line":6,"column":2},"end":{"line":22,"column":3}},"2":{"start":{"line":7,"column":67},"end":{"line":7,"column":75}},"3":{"start":{"line":9,"column":4},"end":{"line":11,"column":5}},"4":{"start":{"line":10,"column":6},"end":{"line":10,"column":56}},"5":{"start":{"line":13,"column":20},"end":{"line":13,"column":63}},"6":{"start":{"line":15,"column":4},"end":{"line":15,"column":39}},"7":{"start":{"line":17,"column":4},"end":{"line":17,"column":64}},"8":{"start":{"line":18,"column":4},"end":{"line":20,"column":5}},"9":{"start":{"line":19,"column":6},"end":{"line":19,"column":48}},"10":{"start":{"line":21,"column":4},"end":{"line":21,"column":39}},"11":{"start":{"line":25,"column":14},"end":{"line":47,"column":1}},"12":{"start":{"line":26,"column":2},"end":{"line":46,"column":3}},"13":{"start":{"line":27,"column":32},"end":{"line":27,"column":40}},"14":{"start":{"line":29,"column":4},"end":{"line":31,"column":5}},"15":{"start":{"line":30,"column":6},"end":{"line":30,"column":56}},"16":{"start":{"line":33,"column":19},"end":{"line":33,"column":59}},"17":{"start":{"line":35,"column":4},"end":{"line":36,"column":72}},"18":{"start":{"line":38,"column":4},"end":{"line":38,"column":23}},"19":{"start":{"line":41,"column":4},"end":{"line":41,"column":61}},"20":{"start":{"line":42,"column":4},"end":{"line":44,"column":5}},"21":{"start":{"line":43,"column":6},"end":{"line":43,"column":48}},"22":{"start":{"line":45,"column":4},"end":{"line":45,"column":39}},"23":{"start":{"line":49,"column":15},"end":{"line":58,"column":1}},"24":{"start":{"line":50,"column":2},"end":{"line":57,"column":3}},"25":{"start":{"line":51,"column":6},"end":{"line":51,"column":33}},"26":{"start":{"line":52,"column":6},"end":{"line":52,"column":45}},"27":{"start":{"line":53,"column":6},"end":{"line":53,"column":29}},"28":{"start":{"line":55,"column":6},"end":{"line":55,"column":38}},"29":{"start":{"line":56,"column":6},"end":{"line":56,"column":70}}},"fnMap":{"0":{"name":"(anonymous_0)","decl":{"start":{"line":5,"column":17},"end":{"line":5,"column":18}},"loc":{"start":{"line":5,"column":37},"end":{"line":23,"column":1}},"line":5},"1":{"name":"(anonymous_1)","decl":{"start":{"line":25,"column":14},"end":{"line":25,"column":15}},"loc":{"start":{"line":25,"column":34},"end":{"line":47,"column":1}},"line":25},"2":{"name":"(anonymous_2)","decl":{"start":{"line":49,"column":15},"end":{"line":49,"column":16}},"loc":{"start":{"line":49,"column":35},"end":{"line":58,"column":1}},"line":49}},"branchMap":{"0":{"loc":{"start":{"line":9,"column":4},"end":{"line":11,"column":5}},"type":"if","locations":[{"start":{"line":9,"column":4},"end":{"line":11,"column":5}},{"start":{},"end":{}}],"line":9},"1":{"loc":{"start":{"line":9,"column":8},"end":{"line":9,"column":71}},"type":"binary-expr","locations":[{"start":{"line":9,"column":8},"end":{"line":9,"column":15}},{"start":{"line":9,"column":19},"end":{"line":9,"column":28}},{"start":{"line":9,"column":32},"end":{"line":9,"column":38}},{"start":{"line":9,"column":42},"end":{"line":9,"column":58}},{"start":{"line":9,"column":62},"end":{"line":9,"column":71}}],"line":9},"2":{"loc":{"start":{"line":18,"column":4},"end":{"line":20,"column":5}},"type":"if","locations":[{"start":{"line":18,"column":4},"end":{"line":20,"column":5}},{"start":{},"end":{}}],"line":18},"3":{"loc":{"start":{"line":29,"column":4},"end":{"line":31,"column":5}},"type":"if","locations":[{"start":{"line":29,"column":4},"end":{"line":31,"column":5}},{"start":{},"end":{}}],"line":29},"4":{"loc":{"start":{"line":29,"column":8},"end":{"line":29,"column":27}},"type":"binary-expr","locations":[{"start":{"line":29,"column":8},"end":{"line":29,"column":14}},{"start":{"line":29,"column":18},"end":{"line":29,"column":27}}],"line":29},"5":{"loc":{"start":{"line":42,"column":4},"end":{"line":44,"column":5}},"type":"if","locations":[{"start":{"line":42,"column":4},"end":{"line":44,"column":5}},{"start":{},"end":{}}],"line":42}},"s":{"0":1,"1":1,"2":1,"3":1,"4":1,"5":0,"6":0,"7":0,"8":0,"9":0,"10":0,"11":1,"12":0,"13":0,"14":0,"15":0,"16":0,"17":0,"18":0,"19":0,"20":0,"21":0,"22":0,"23":1,"24":0,"25":0,"26":0,"27":0,"28":0,"29":0},"f":{"0":1,"1":0,"2":0},"b":{"0":[1,0],"1":[1,0,0,0,0],"2":[0,0],"3":[0,0],"4":[0,0],"5":[0,0]},"_coverageSchema":"1a1c01bbd47fc00a2c39e90264f33305004495a9","hash":"e4f81008b5525d83cefbddeec18dbaf76a7d9893"}
,"C:\\Users\\Utente\\Desktop\\Proyectos Personales\\Pizzeria\\Backend\\src\\ms.authentication\\service\\ms.authentication.service.js": {"path":"C:\\Users\\Utente\\Desktop\\Proyectos Personales\\Pizzeria\\Backend\\src\\ms.authentication\\service\\ms.authentication.service.js","statementMap":{"0":{"start":{"line":5,"column":24},"end":{"line":5,"column":45}},"1":{"start":{"line":7,"column":17},"end":{"line":25,"column":1}},"2":{"start":{"line":8,"column":22},"end":{"line":8,"column":66}},"3":{"start":{"line":10,"column":2},"end":{"line":12,"column":3}},"4":{"start":{"line":11,"column":4},"end":{"line":11,"column":91}},"5":{"start":{"line":14,"column":25},"end":{"line":14,"column":50}},"6":{"start":{"line":16,"column":18},"end":{"line":18,"column":3}},"7":{"start":{"line":20,"column":2},"end":{"line":20,"column":36}},"8":{"start":{"line":22,"column":17},"end":{"line":22,"column":52}},"9":{"start":{"line":24,"column":2},"end":{"line":24,"column":45}},"10":{"start":{"line":27,"column":14},"end":{"line":44,"column":1}},"11":{"start":{"line":28,"column":15},"end":{"line":28,"column":54}},"12":{"start":{"line":29,"column":2},"end":{"line":31,"column":3}},"13":{"start":{"line":30,"column":4},"end":{"line":30,"column":96}},"14":{"start":{"line":33,"column":26},"end":{"line":33,"column":66}},"15":{"start":{"line":35,"column":2},"end":{"line":37,"column":3}},"16":{"start":{"line":36,"column":4},"end":{"line":36,"column":96}},"17":{"start":{"line":39,"column":41},"end":{"line":39,"column":45}},"18":{"start":{"line":40,"column":22},"end":{"line":40,"column":47}},"19":{"start":{"line":42,"column":2},"end":{"line":42,"column":83}},"20":{"start":{"line":46,"column":15},"end":{"line":48,"column":1}},"21":{"start":{"line":47,"column":2},"end":{"line":47,"column":79}}},"fnMap":{"0":{"name":"(anonymous_0)","decl":{"start":{"line":7,"column":17},"end":{"line":7,"column":18}},"loc":{"start":{"line":7,"column":33},"end":{"line":25,"column":1}},"line":7},"1":{"name":"(anonymous_1)","decl":{"start":{"line":27,"column":14},"end":{"line":27,"column":15}},"loc":{"start":{"line":27,"column":41},"end":{"line":44,"column":1}},"line":27},"2":{"name":"(anonymous_2)","decl":{"start":{"line":46,"column":15},"end":{"line":46,"column":16}},"loc":{"start":{"line":46,"column":27},"end":{"line":48,"column":1}},"line":46}},"branchMap":{"0":{"loc":{"start":{"line":10,"column":2},"end":{"line":12,"column":3}},"type":"if","locations":[{"start":{"line":10,"column":2},"end":{"line":12,"column":3}},{"start":{},"end":{}}],"line":10},"1":{"loc":{"start":{"line":29,"column":2},"end":{"line":31,"column":3}},"type":"if","locations":[{"start":{"line":29,"column":2},"end":{"line":31,"column":3}},{"start":{},"end":{}}],"line":29},"2":{"loc":{"start":{"line":35,"column":2},"end":{"line":37,"column":3}},"type":"if","locations":[{"start":{"line":35,"column":2},"end":{"line":37,"column":3}},{"start":{},"end":{}}],"line":35}},"s":{"0":1,"1":1,"2":0,"3":0,"4":0,"5":0,"6":0,"7":0,"8":0,"9":0,"10":1,"11":0,"12":0,"13":0,"14":0,"15":0,"16":0,"17":0,"18":0,"19":0,"20":1,"21":0},"f":{"0":0,"1":0,"2":0},"b":{"0":[0,0],"1":[0,0],"2":[0,0]},"_coverageSchema":"1a1c01bbd47fc00a2c39e90264f33305004495a9","hash":"49021cc63dabba4b52eeddd4efeb9142cef790e6"}
,"C:\\Users\\Utente\\Desktop\\Proyectos Personales\\Pizzeria\\Backend\\src\\ms.users\\models\\users.model.js": {"path":"C:\\Users\\Utente\\Desktop\\Proyectos Personales\\Pizzeria\\Backend\\src\\ms.users\\models\\users.model.js","statementMap":{"0":{"start":{"line":5,"column":24},"end":{"line":5,"column":31}},"1":{"start":{"line":7,"column":22},"end":{"line":45,"column":2}},"2":{"start":{"line":39,"column":26},"end":{"line":39,"column":77}},"3":{"start":{"line":47,"column":20},"end":{"line":99,"column":1}},"4":{"start":{"line":65,"column":28},"end":{"line":65,"column":79}},"5":{"start":{"line":78,"column":28},"end":{"line":78,"column":72}},"6":{"start":{"line":85,"column":10},"end":{"line":85,"column":41}},"7":{"start":{"line":101,"column":18},"end":{"line":101,"column":62}}},"fnMap":{"0":{"name":"(anonymous_0)","decl":{"start":{"line":39,"column":15},"end":{"line":39,"column":16}},"loc":{"start":{"line":39,"column":26},"end":{"line":39,"column":77}},"line":39},"1":{"name":"(anonymous_1)","decl":{"start":{"line":65,"column":17},"end":{"line":65,"column":18}},"loc":{"start":{"line":65,"column":28},"end":{"line":65,"column":79}},"line":65},"2":{"name":"(anonymous_2)","decl":{"start":{"line":78,"column":17},"end":{"line":78,"column":18}},"loc":{"start":{"line":78,"column":28},"end":{"line":78,"column":72}},"line":78},"3":{"name":"(anonymous_3)","decl":{"start":{"line":84,"column":19},"end":{"line":84,"column":20}},"loc":{"start":{"line":84,"column":42},"end":{"line":86,"column":9}},"line":84}},"branchMap":{},"s":{"0":1,"1":1,"2":0,"3":1,"4":0,"5":0,"6":0,"7":1},"f":{"0":0,"1":0,"2":0,"3":0},"b":{},"_coverageSchema":"1a1c01bbd47fc00a2c39e90264f33305004495a9","hash":"1bf2460d1cb379b79738198727f29adb1fc17499"}
,"C:\\Users\\Utente\\Desktop\\Proyectos Personales\\Pizzeria\\Backend\\src\\ms.users\\repository\\ms.users.repository.js": {"path":"C:\\Users\\Utente\\Desktop\\Proyectos Personales\\Pizzeria\\Backend\\src\\ms.users\\repository\\ms.users.repository.js","statementMap":{"0":{"start":{"line":7,"column":13},"end":{"line":10,"column":5}},"1":{"start":{"line":8,"column":22},"end":{"line":8,"column":51}},"2":{"start":{"line":9,"column":8},"end":{"line":9,"column":21}},"3":{"start":{"line":12,"column":17},"end":{"line":15,"column":5}},"4":{"start":{"line":13,"column":21},"end":{"line":13,"column":62}},"5":{"start":{"line":14,"column":8},"end":{"line":14,"column":20}},"6":{"start":{"line":17,"column":11},"end":{"line":20,"column":5}},"7":{"start":{"line":18,"column":23},"end":{"line":18,"column":51}},"8":{"start":{"line":19,"column":8},"end":{"line":19,"column":22}},"9":{"start":{"line":22,"column":14},"end":{"line":25,"column":5}},"10":{"start":{"line":23,"column":21},"end":{"line":23,"column":53}},"11":{"start":{"line":24,"column":8},"end":{"line":24,"column":20}},"12":{"start":{"line":27,"column":17},"end":{"line":30,"column":5}},"13":{"start":{"line":28,"column":22},"end":{"line":28,"column":68}},"14":{"start":{"line":29,"column":8},"end":{"line":29,"column":21}},"15":{"start":{"line":32,"column":18},"end":{"line":35,"column":5}},"16":{"start":{"line":33,"column":22},"end":{"line":33,"column":71}},"17":{"start":{"line":34,"column":8},"end":{"line":34,"column":21}}},"fnMap":{"0":{"name":"(anonymous_0)","decl":{"start":{"line":4,"column":4},"end":{"line":4,"column":5}},"loc":{"start":{"line":4,"column":18},"end":{"line":5,"column":5}},"line":4},"1":{"name":"(anonymous_1)","decl":{"start":{"line":7,"column":13},"end":{"line":7,"column":14}},"loc":{"start":{"line":7,"column":25},"end":{"line":10,"column":5}},"line":7},"2":{"name":"(anonymous_2)","decl":{"start":{"line":12,"column":17},"end":{"line":12,"column":18}},"loc":{"start":{"line":12,"column":34},"end":{"line":15,"column":5}},"line":12},"3":{"name":"(anonymous_3)","decl":{"start":{"line":17,"column":11},"end":{"line":17,"column":12}},"loc":{"start":{"line":17,"column":27},"end":{"line":20,"column":5}},"line":17},"4":{"name":"(anonymous_4)","decl":{"start":{"line":22,"column":14},"end":{"line":22,"column":15}},"loc":{"start":{"line":22,"column":32},"end":{"line":25,"column":5}},"line":22},"5":{"name":"(anonymous_5)","decl":{"start":{"line":27,"column":17},"end":{"line":27,"column":18}},"loc":{"start":{"line":27,"column":34},"end":{"line":30,"column":5}},"line":27},"6":{"name":"(anonymous_6)","decl":{"start":{"line":32,"column":18},"end":{"line":32,"column":19}},"loc":{"start":{"line":32,"column":36},"end":{"line":35,"column":5}},"line":32}},"branchMap":{},"s":{"0":1,"1":0,"2":0,"3":1,"4":0,"5":0,"6":1,"7":0,"8":0,"9":1,"10":0,"11":0,"12":1,"13":0,"14":0,"15":1,"16":0,"17":0},"f":{"0":1,"1":0,"2":0,"3":0,"4":0,"5":0,"6":0},"b":{},"_coverageSchema":"1a1c01bbd47fc00a2c39e90264f33305004495a9","hash":"4f648230db002c14fc48b8e08b5587e593c1f6eb"}
,"C:\\Users\\Utente\\Desktop\\Proyectos Personales\\Pizzeria\\Backend\\src\\utils\\custom.exceptions.js": {"path":"C:\\Users\\Utente\\Desktop\\Proyectos Personales\\Pizzeria\\Backend\\src\\utils\\custom.exceptions.js","statementMap":{"0":{"start":{"line":3,"column":4},"end":{"line":3,"column":19}},"1":{"start":{"line":4,"column":4},"end":{"line":4,"column":38}},"2":{"start":{"line":10,"column":4},"end":{"line":10,"column":19}},"3":{"start":{"line":11,"column":4},"end":{"line":11,"column":38}}},"fnMap":{"0":{"name":"(anonymous_0)","decl":{"start":{"line":2,"column":2},"end":{"line":2,"column":3}},"loc":{"start":{"line":2,"column":23},"end":{"line":5,"column":3}},"line":2},"1":{"name":"(anonymous_1)","decl":{"start":{"line":9,"column":2},"end":{"line":9,"column":3}},"loc":{"start":{"line":9,"column":23},"end":{"line":12,"column":3}},"line":9}},"branchMap":{},"s":{"0":0,"1":0,"2":0,"3":0},"f":{"0":0,"1":0},"b":{},"_coverageSchema":"1a1c01bbd47fc00a2c39e90264f33305004495a9","hash":"b1d9415c68e55e51b8e6ac11be7cd4bd023b390b"}
,"C:\\Users\\Utente\\Desktop\\Proyectos Personales\\Pizzeria\\Backend\\src\\utils\\utils.js": {"path":"C:\\Users\\Utente\\Desktop\\Proyectos Personales\\Pizzeria\\Backend\\src\\utils\\utils.js","statementMap":{"0":{"start":{"line":5,"column":19},"end":{"line":7,"column":1}},"1":{"start":{"line":6,"column":2},"end":{"line":6,"column":59}},"2":{"start":{"line":9,"column":24},"end":{"line":10,"column":51}},"3":{"start":{"line":10,"column":2},"end":{"line":10,"column":51}},"4":{"start":{"line":12,"column":22},"end":{"line":15,"column":1}},"5":{"start":{"line":13,"column":16},"end":{"line":13,"column":79}},"6":{"start":{"line":14,"column":2},"end":{"line":14,"column":15}},"7":{"start":{"line":17,"column":22},"end":{"line":22,"column":1}},"8":{"start":{"line":18,"column":2},"end":{"line":21,"column":4}},"9":{"start":{"line":19,"column":4},"end":{"line":19,"column":79}},"10":{"start":{"line":19,"column":32},"end":{"line":19,"column":79}},"11":{"start":{"line":20,"column":4},"end":{"line":20,"column":11}}},"fnMap":{"0":{"name":"(anonymous_0)","decl":{"start":{"line":5,"column":19},"end":{"line":5,"column":20}},"loc":{"start":{"line":5,"column":33},"end":{"line":7,"column":1}},"line":5},"1":{"name":"(anonymous_1)","decl":{"start":{"line":9,"column":24},"end":{"line":9,"column":25}},"loc":{"start":{"line":10,"column":2},"end":{"line":10,"column":51}},"line":10},"2":{"name":"(anonymous_2)","decl":{"start":{"line":12,"column":22},"end":{"line":12,"column":23}},"loc":{"start":{"line":12,"column":32},"end":{"line":15,"column":1}},"line":12},"3":{"name":"(anonymous_3)","decl":{"start":{"line":17,"column":22},"end":{"line":17,"column":23}},"loc":{"start":{"line":17,"column":32},"end":{"line":22,"column":1}},"line":17},"4":{"name":"(anonymous_4)","decl":{"start":{"line":18,"column":9},"end":{"line":18,"column":10}},"loc":{"start":{"line":18,"column":35},"end":{"line":21,"column":3}},"line":18}},"branchMap":{"0":{"loc":{"start":{"line":19,"column":4},"end":{"line":19,"column":79}},"type":"if","locations":[{"start":{"line":19,"column":4},"end":{"line":19,"column":79}},{"start":{},"end":{}}],"line":19}},"s":{"0":1,"1":0,"2":1,"3":0,"4":1,"5":0,"6":0,"7":1,"8":0,"9":0,"10":0,"11":0},"f":{"0":0,"1":0,"2":0,"3":0,"4":0},"b":{"0":[0,0]},"_coverageSchema":"1a1c01bbd47fc00a2c39e90264f33305004495a9","hash":"b60d6b34b3ca5047a1e6758b6c51d4c69bffe1ef"}
,"C:\\Users\\Utente\\Desktop\\Proyectos Personales\\Pizzeria\\Backend\\src\\utils\\validators.js": {"path":"C:\\Users\\Utente\\Desktop\\Proyectos Personales\\Pizzeria\\Backend\\src\\utils\\validators.js","statementMap":{"0":{"start":{"line":1,"column":24},"end":{"line":4,"column":1}},"1":{"start":{"line":2,"column":21},"end":{"line":2,"column":57}},"2":{"start":{"line":3,"column":2},"end":{"line":3,"column":30}},"3":{"start":{"line":6,"column":22},"end":{"line":9,"column":1}},"4":{"start":{"line":7,"column":21},"end":{"line":7,"column":37}},"5":{"start":{"line":8,"column":2},"end":{"line":8,"column":32}},"6":{"start":{"line":11,"column":25},"end":{"line":14,"column":1}},"7":{"start":{"line":12,"column":24},"end":{"line":12,"column":48}},"8":{"start":{"line":13,"column":2},"end":{"line":13,"column":102}},"9":{"start":{"line":16,"column":28},"end":{"line":19,"column":1}},"10":{"start":{"line":17,"column":21},"end":{"line":17,"column":31}},"11":{"start":{"line":18,"column":2},"end":{"line":18,"column":32}}},"fnMap":{"0":{"name":"(anonymous_0)","decl":{"start":{"line":1,"column":24},"end":{"line":1,"column":25}},"loc":{"start":{"line":1,"column":33},"end":{"line":4,"column":1}},"line":1},"1":{"name":"(anonymous_1)","decl":{"start":{"line":6,"column":22},"end":{"line":6,"column":23}},"loc":{"start":{"line":6,"column":33},"end":{"line":9,"column":1}},"line":6},"2":{"name":"(anonymous_2)","decl":{"start":{"line":11,"column":25},"end":{"line":11,"column":26}},"loc":{"start":{"line":11,"column":36},"end":{"line":14,"column":1}},"line":11},"3":{"name":"(anonymous_3)","decl":{"start":{"line":16,"column":28},"end":{"line":16,"column":29}},"loc":{"start":{"line":16,"column":39},"end":{"line":19,"column":1}},"line":16}},"branchMap":{"0":{"loc":{"start":{"line":13,"column":9},"end":{"line":13,"column":101}},"type":"binary-expr","locations":[{"start":{"line":13,"column":9},"end":{"line":13,"column":34}},{"start":{"line":13,"column":38},"end":{"line":13,"column":57}},{"start":{"line":13,"column":61},"end":{"line":13,"column":80}},{"start":{"line":13,"column":84},"end":{"line":13,"column":101}}],"line":13}},"s":{"0":1,"1":0,"2":0,"3":1,"4":0,"5":0,"6":1,"7":0,"8":0,"9":1,"10":0,"11":0},"f":{"0":0,"1":0,"2":0,"3":0},"b":{"0":[0,0,0,0]},"_coverageSchema":"1a1c01bbd47fc00a2c39e90264f33305004495a9","hash":"54ac0b27a4a2865287c2d703d13b2d90be8cc551"}
}
